{"level":"info","message":"GET /","timestamp":"2025-06-13T07:56:11.092Z"}
{"level":"info","message":"GET /","timestamp":"2025-06-13T07:56:14.689Z"}
{"level":"info","message":"GET /api","timestamp":"2025-06-13T07:56:22.161Z"}
{"level":"info","message":"GET /api","timestamp":"2025-06-13T07:56:25.220Z"}
{"level":"info","message":"GET /api/health","timestamp":"2025-06-13T07:57:47.665Z"}
{"level":"info","message":"GET /api/health","timestamp":"2025-06-13T07:57:51.867Z"}
{"level":"info","message":"GET /","timestamp":"2025-06-13T08:02:48.967Z"}
{"level":"info","message":"GET /api","timestamp":"2025-06-13T08:03:38.251Z"}
{"level":"info","message":"GET /api/accounts","timestamp":"2025-06-13T08:03:49.130Z"}
{"level":"info","message":"GET /favicon.ico","timestamp":"2025-06-13T08:03:49.168Z"}
{"level":"info","message":"GET /api/accounts","timestamp":"2025-06-13T08:04:14.398Z"}
{"level":"info","message":"GET /register","timestamp":"2025-06-13T08:06:42.091Z"}
{"level":"info","message":"GET /register","timestamp":"2025-06-13T08:06:44.587Z"}
{"level":"info","message":"GET /register","timestamp":"2025-06-13T08:06:59.310Z"}
{"level":"info","message":"GET /register","timestamp":"2025-06-13T08:12:10.967Z"}
{"level":"info","message":"GET /register","timestamp":"2025-06-13T08:13:10.024Z"}
{"level":"info","message":"GET /register","timestamp":"2025-06-13T08:23:08.145Z"}
{"level":"info","message":"GET /register","timestamp":"2025-06-13T08:35:31.943Z"}
{"level":"info","message":"GET /login","timestamp":"2025-06-13T08:36:49.608Z"}
{"level":"info","message":"GET /api/auth","timestamp":"2025-06-13T09:27:12.645Z"}
{"level":"info","message":"GET /api/auth","timestamp":"2025-06-13T09:27:32.186Z"}
{"level":"info","message":"GET /api/payments","timestamp":"2025-06-13T09:27:59.889Z"}
{"level":"info","message":"GET /register","timestamp":"2025-06-13T09:28:52.218Z"}
{"level":"info","message":"GET /register","timestamp":"2025-06-13T09:29:33.150Z"}
{"level":"info","message":"GET /api/payments","timestamp":"2025-06-13T09:29:42.305Z"}
{"level":"info","message":"GET /api/payments","timestamp":"2025-06-13T09:29:46.219Z"}
{"level":"info","message":"GET /api/accounts","timestamp":"2025-06-13T09:30:08.174Z"}
{"level":"info","message":"GET /api/accounts","timestamp":"2025-06-13T09:30:31.199Z"}
{"level":"info","message":"GET /api/auth","timestamp":"2025-06-13T09:31:05.419Z"}
{"level":"info","message":"GET /api/auth","timestamp":"2025-06-13T09:31:07.756Z"}
{"level":"info","message":"GET /api/auth/reister","timestamp":"2025-06-13T09:31:35.266Z"}
{"level":"info","message":"GET /api/auth/reister","timestamp":"2025-06-13T09:31:38.133Z"}
{"level":"info","message":"GET /api/auth/reister","timestamp":"2025-06-13T09:31:52.656Z"}
{"level":"info","message":"GET /api/auth/register","timestamp":"2025-06-13T09:33:10.837Z"}
{"level":"info","message":"GET /api/auth/register","timestamp":"2025-06-13T09:33:13.356Z"}
{"level":"info","message":"POST /api/auth/register","timestamp":"2025-06-13T09:33:42.745Z"}
{"level":"info","message":"POST /api/auth/register","timestamp":"2025-06-13T09:34:16.058Z"}
{"level":"info","message":"POST /api/auth/register","timestamp":"2025-06-13T09:34:59.065Z"}
{"level":"info","message":"GET /health","timestamp":"2025-06-13T09:35:54.496Z"}
{"level":"info","message":"GET /health","timestamp":"2025-06-13T09:36:12.890Z"}
{"level":"info","message":"GET /health","timestamp":"2025-06-13T09:36:21.303Z"}
{"level":"info","message":"GET /api/auth/profile","timestamp":"2025-06-13T09:38:26.458Z"}
{"level":"info","message":"GET /api/auth/profile","timestamp":"2025-06-13T09:38:47.200Z"}
{"level":"info","message":"GET /init","timestamp":"2025-06-13T09:50:22.573Z"}
{"level":"info","message":"POST /","timestamp":"2025-06-13T09:50:22.647Z"}
{"level":"info","message":"GET /init","timestamp":"2025-06-13T09:50:38.170Z"}
{"level":"info","message":"POST /","timestamp":"2025-06-13T09:50:38.201Z"}
{"level":"info","message":"GET /init","timestamp":"2025-06-13T09:53:42.269Z"}
{"level":"info","message":"POST /","timestamp":"2025-06-13T09:53:42.296Z"}
{"level":"info","message":"GET /init","timestamp":"2025-06-13T09:58:31.543Z"}
{"level":"info","message":"POST /","timestamp":"2025-06-13T09:58:31.565Z"}
{"level":"info","message":"GET /api/auth/profile","timestamp":"2025-06-13T10:23:37.327Z"}
{"level":"info","message":"GET /api/auth/profile","timestamp":"2025-06-13T10:23:41.272Z"}
{"level":"info","message":"GET /api/auth/register","timestamp":"2025-06-13T10:23:59.154Z"}
{"level":"info","message":"GET /api/auth/profile","timestamp":"2025-06-13T10:24:18.216Z"}
{"level":"info","message":"GET /init","timestamp":"2025-06-13T10:24:51.816Z"}
{"level":"info","message":"POST /","timestamp":"2025-06-13T10:24:51.893Z"}
{"level":"info","message":"GET /api/auth/profile","timestamp":"2025-06-13T10:30:21.159Z"}
{"level":"info","message":"GET /api/auth/register","timestamp":"2025-06-13T10:30:32.916Z"}
{"level":"info","message":"GET /api/auth/register","timestamp":"2025-06-13T10:39:48.910Z"}
{"level":"info","message":"GET /api/auth/login","timestamp":"2025-06-13T10:39:59.357Z"}
{"level":"info","message":"GET /api/auth/login","timestamp":"2025-06-13T10:40:02.317Z"}
{"level":"info","message":"GET /api/auth/profile","timestamp":"2025-06-13T12:00:22.963Z"}
{"level":"info","message":"GET /api/auth/profile","timestamp":"2025-06-13T12:00:35.183Z"}
{"level":"info","message":"GET /api/auth/register","timestamp":"2025-06-13T12:07:25.637Z"}
{"level":"info","message":"GET /api/auth/register","timestamp":"2025-06-13T12:09:18.873Z"}
{"level":"info","message":"POST /api/auth/register","timestamp":"2025-06-13T12:12:19.264Z"}
{"level":"info","message":"POST /api/auth/register","timestamp":"2025-06-13T12:15:12.127Z"}
{"level":"info","message":"POST /api/auth/register","timestamp":"2025-06-13T12:24:34.443Z"}
{"level":"info","message":"POST /api/auth/register","timestamp":"2025-06-13T12:31:30.960Z"}
{"level":"info","message":"POST /api/auth/register","timestamp":"2025-06-13T12:54:35.897Z"}
{"level":"info","message":"POST /api/auth/register","timestamp":"2025-06-13T14:46:36.068Z"}
{"level":"info","message":"POST /api/auth/register","timestamp":"2025-06-13T14:47:42.925Z"}
{"level":"info","message":"POST /api/auth/register","timestamp":"2025-06-13T14:50:06.609Z"}
{"level":"info","message":"POST /api/auth/register","timestamp":"2025-06-13T14:50:59.209Z"}
{"level":"info","message":"POST /api/auth/register","timestamp":"2025-06-13T14:51:00.478Z"}
{"level":"info","message":"POST /api/auth/register","timestamp":"2025-06-13T14:52:25.786Z"}
{"level":"info","message":"POST /api/auth/register","timestamp":"2025-06-13T14:53:13.229Z"}
{"level":"info","message":"POST /api/auth/register","timestamp":"2025-06-13T14:54:32.325Z"}
{"level":"info","message":"POST /api/auth/login","timestamp":"2025-06-13T15:00:46.858Z"}
{"level":"info","message":"GET /api/auth/profile","timestamp":"2025-06-13T15:01:19.658Z"}
{"level":"info","message":"GET /api/auth/register","timestamp":"2025-06-14T15:34:16.214Z"}
{"level":"info","message":"GET /api/auth/register","timestamp":"2025-06-14T15:35:30.951Z"}
{"level":"info","message":"GET /api/auth/profile","timestamp":"2025-06-14T15:39:49.600Z"}
{"level":"info","message":"GET /api/auth/profile","timestamp":"2025-06-14T15:40:09.500Z"}
{"level":"info","message":"GET /api/auth/register","timestamp":"2025-06-14T15:40:21.073Z"}
{"level":"info","message":"GET /api/auth/register","timestamp":"2025-06-14T15:41:09.946Z"}
{"level":"info","message":"GET /api/auth/register","timestamp":"2025-06-14T15:41:40.409Z"}
{"level":"info","message":"POST /api/auth/register","timestamp":"2025-06-14T15:46:39.054Z"}
{"level":"info","message":"POST /api/auth/register","timestamp":"2025-06-14T15:50:12.870Z"}
{"level":"info","message":"POST /api/auth/register","timestamp":"2025-06-14T15:50:34.635Z"}
{"level":"info","message":"POST /api/auth/register","timestamp":"2025-06-14T15:56:27.794Z"}
{"level":"info","message":"POST /api/auth/register","timestamp":"2025-06-14T16:10:35.644Z"}
{"level":"info","message":"POST /api/auth/register","timestamp":"2025-06-14T16:10:59.660Z"}
{"level":"info","message":"POST /api/auth/register","timestamp":"2025-06-14T16:11:15.293Z"}
{"level":"info","message":"POST /api/auth/register","timestamp":"2025-06-14T16:11:32.975Z"}
{"level":"info","message":"POST /api/auth/register","timestamp":"2025-06-14T16:13:16.147Z"}
{"level":"info","message":"POST /api/auth/register","timestamp":"2025-06-14T16:13:33.480Z"}
{"level":"info","message":"POST /api/auth/register","timestamp":"2025-06-14T16:14:08.179Z"}
{"level":"info","message":"POST /api/auth/register","timestamp":"2025-06-14T16:14:54.464Z"}
{"level":"info","message":"POST /api/auth/register","timestamp":"2025-06-14T16:15:09.657Z"}
{"level":"info","message":"POST /api/auth/register","timestamp":"2025-06-14T16:15:36.664Z"}
{"level":"info","message":"POST /api/auth/register","timestamp":"2025-06-14T16:19:59.702Z"}
{"level":"info","message":"POST /api/auth/register","timestamp":"2025-06-14T16:20:13.127Z"}
{"level":"info","message":"POST /api/auth/register","timestamp":"2025-06-14T16:21:15.365Z"}
{"level":"info","message":"POST /api/auth/register","timestamp":"2025-06-14T16:21:29.765Z"}
{"level":"info","message":"POST /api/auth/register","timestamp":"2025-06-14T16:22:15.352Z"}
{"level":"info","message":"POST /api/auth/register","timestamp":"2025-06-14T16:35:10.005Z"}
{"level":"info","message":"POST /api/auth/login","timestamp":"2025-06-14T16:36:18.729Z"}
{"level":"info","message":"POST /api/auth/profile","timestamp":"2025-06-14T16:36:37.995Z"}
{"level":"info","message":"GET /api/auth/profile","timestamp":"2025-06-14T16:36:45.423Z"}
{"level":"info","message":"POST /api/accounts/","timestamp":"2025-06-14T16:44:41.495Z"}
{"level":"info","message":"POST /api/accounts","timestamp":"2025-06-14T17:06:12.576Z"}
{"level":"info","message":"POST /api/accounts","timestamp":"2025-06-14T17:11:34.485Z"}
{"level":"info","message":"POST /api/accounts","timestamp":"2025-06-14T17:25:31.985Z"}
{"level":"info","message":"POST /api/accounts","timestamp":"2025-06-14T17:27:52.526Z"}
{"level":"info","message":"POST /api/auth/login","timestamp":"2025-06-14T17:33:48.137Z"}
{"level":"info","message":"POST /api/accounts","timestamp":"2025-06-14T17:35:54.706Z"}
{"level":"info","message":"POST /api/auth/login","timestamp":"2025-06-14T17:37:35.061Z"}
{"level":"info","message":"POST /api/accounts","timestamp":"2025-06-14T17:38:50.926Z"}
{"level":"info","message":"POST /api/accounts","timestamp":"2025-06-16T07:15:40.643Z"}
{"level":"info","message":"POST /api/accounts","timestamp":"2025-06-16T07:19:42.638Z"}
{"level":"info","message":"POST /api/accounts","timestamp":"2025-06-16T07:22:05.562Z"}
{"level":"info","message":"POST /api/accounts","timestamp":"2025-06-16T07:24:48.847Z"}
{"level":"info","message":"GET /api/auth/profile","timestamp":"2025-06-16T07:28:04.678Z"}
